<?xml version="1.0" encoding="UTF-8"?>
<!-- Generated by org.testng.reporters.JUnitReportReporter -->
<testsuite hostname="AMAC02DTA6PML7H" failures="0" tests="3" name="eci.qa.AppiumFramework.firstIOSTest" time="86.416" errors="0" timestamp="20 Jan 2022 15:46:56 GMT" skipped="0">
  <testcase classname="eci.qa.AppiumFramework.firstIOSTest" name="validarTituloServices2" time="26.951"/>
  <testcase classname="eci.qa.AppiumFramework.firstIOSTest" name="validarTituloServices3" time="27.567"/>
  <testcase classname="eci.qa.AppiumFramework.firstIOSTest" name="validarTituloServices" time="31.898"/>
</testsuite> <!-- eci.qa.AppiumFramework.firstIOSTest -->
