<?xml version="1.0" encoding="UTF-8"?>
<!-- Generated by org.testng.reporters.JUnitReportReporter -->
<testsuite skipped="0" hostname="AMAC02DTA6PML7H" name="eci.qa.AppiumFramework.firstIOSTest" tests="1" failures="0" timestamp="21 Jan 2022 18:03:11 GMT" time="87.062" errors="0">
  <testcase name="validarTituloServices" time="87.062" classname="eci.qa.AppiumFramework.firstIOSTest"/>
</testsuite> <!-- eci.qa.AppiumFramework.firstIOSTest -->
